CRITICAL - 2023-03-05 22:13:21 --> Call to a member function getNews() on null
in APPPATH\Controllers\News.php on line 14.
 1 SYSTEMPATH\CodeIgniter.php(934): App\Controllers\News->index()
 2 SYSTEMPATH\CodeIgniter.php(499): CodeIgniter\CodeIgniter->runController(Object(App\Controllers\News))
 3 SYSTEMPATH\CodeIgniter.php(368): CodeIgniter\CodeIgniter->handleRequest(null, Object(Config\Cache), false)
 4 FCPATH\index.php(67): CodeIgniter\CodeIgniter->run()
CRITICAL - 2023-03-05 22:13:21 --> Call to a member function getNews() on null
in APPPATH\Controllers\News.php on line 14.
 1 SYSTEMPATH\CodeIgniter.php(934): App\Controllers\News->index()
 2 SYSTEMPATH\CodeIgniter.php(499): CodeIgniter\CodeIgniter->runController(Object(App\Controllers\News))
 3 SYSTEMPATH\CodeIgniter.php(368): CodeIgniter\CodeIgniter->handleRequest(null, Object(Config\Cache), false)
 4 FCPATH\index.php(67): CodeIgniter\CodeIgniter->run()
CRITICAL - 2023-03-05 22:13:34 --> Call to a member function getNews() on null
in APPPATH\Controllers\News.php on line 14.
 1 SYSTEMPATH\CodeIgniter.php(934): App\Controllers\News->index()
 2 SYSTEMPATH\CodeIgniter.php(499): CodeIgniter\CodeIgniter->runController(Object(App\Controllers\News))
 3 SYSTEMPATH\CodeIgniter.php(368): CodeIgniter\CodeIgniter->handleRequest(null, Object(Config\Cache), false)
 4 FCPATH\index.php(67): CodeIgniter\CodeIgniter->run()
CRITICAL - 2023-03-05 22:13:39 --> Call to a member function getNews() on null
in APPPATH\Controllers\News.php on line 14.
 1 SYSTEMPATH\CodeIgniter.php(934): App\Controllers\News->index()
 2 SYSTEMPATH\CodeIgniter.php(499): CodeIgniter\CodeIgniter->runController(Object(App\Controllers\News))
 3 SYSTEMPATH\CodeIgniter.php(368): CodeIgniter\CodeIgniter->handleRequest(null, Object(Config\Cache), false)
 4 FCPATH\index.php(67): CodeIgniter\CodeIgniter->run()
CRITICAL - 2023-03-05 22:13:52 --> Call to a member function getGuest() on null
in APPPATH\Controllers\Guest.php on line 14.
 1 SYSTEMPATH\CodeIgniter.php(934): App\Controllers\Guest->index()
 2 SYSTEMPATH\CodeIgniter.php(499): CodeIgniter\CodeIgniter->runController(Object(App\Controllers\Guest))
 3 SYSTEMPATH\CodeIgniter.php(368): CodeIgniter\CodeIgniter->handleRequest(null, Object(Config\Cache), false)
 4 FCPATH\index.php(67): CodeIgniter\CodeIgniter->run()
CRITICAL - 2023-03-05 22:17:32 --> Call to a member function getGuest() on null
in APPPATH\Controllers\Guest.php on line 14.
 1 SYSTEMPATH\CodeIgniter.php(934): App\Controllers\Guest->index()
 2 SYSTEMPATH\CodeIgniter.php(499): CodeIgniter\CodeIgniter->runController(Object(App\Controllers\Guest))
 3 SYSTEMPATH\CodeIgniter.php(368): CodeIgniter\CodeIgniter->handleRequest(null, Object(Config\Cache), false)
 4 FCPATH\index.php(67): CodeIgniter\CodeIgniter->run()
CRITICAL - 2023-03-05 22:17:33 --> Call to a member function getGuest() on null
in APPPATH\Controllers\Guest.php on line 14.
 1 SYSTEMPATH\CodeIgniter.php(934): App\Controllers\Guest->index()
 2 SYSTEMPATH\CodeIgniter.php(499): CodeIgniter\CodeIgniter->runController(Object(App\Controllers\Guest))
 3 SYSTEMPATH\CodeIgniter.php(368): CodeIgniter\CodeIgniter->handleRequest(null, Object(Config\Cache), false)
 4 FCPATH\index.php(67): CodeIgniter\CodeIgniter->run()
CRITICAL - 2023-03-05 22:17:35 --> Call to a member function getNews() on null
in APPPATH\Controllers\News.php on line 14.
 1 SYSTEMPATH\CodeIgniter.php(934): App\Controllers\News->index()
 2 SYSTEMPATH\CodeIgniter.php(499): CodeIgniter\CodeIgniter->runController(Object(App\Controllers\News))
 3 SYSTEMPATH\CodeIgniter.php(368): CodeIgniter\CodeIgniter->handleRequest(null, Object(Config\Cache), false)
 4 FCPATH\index.php(67): CodeIgniter\CodeIgniter->run()
CRITICAL - 2023-03-05 22:20:06 --> Call to a member function getNews() on null
in APPPATH\Controllers\News.php on line 14.
 1 SYSTEMPATH\CodeIgniter.php(934): App\Controllers\News->index()
 2 SYSTEMPATH\CodeIgniter.php(499): CodeIgniter\CodeIgniter->runController(Object(App\Controllers\News))
 3 SYSTEMPATH\CodeIgniter.php(368): CodeIgniter\CodeIgniter->handleRequest(null, Object(Config\Cache), false)
 4 FCPATH\index.php(67): CodeIgniter\CodeIgniter->run()
CRITICAL - 2023-03-05 22:20:07 --> Call to a member function getNews() on null
in APPPATH\Controllers\News.php on line 14.
 1 SYSTEMPATH\CodeIgniter.php(934): App\Controllers\News->index()
 2 SYSTEMPATH\CodeIgniter.php(499): CodeIgniter\CodeIgniter->runController(Object(App\Controllers\News))
 3 SYSTEMPATH\CodeIgniter.php(368): CodeIgniter\CodeIgniter->handleRequest(null, Object(Config\Cache), false)
 4 FCPATH\index.php(67): CodeIgniter\CodeIgniter->run()
CRITICAL - 2023-03-05 22:20:12 --> Call to a member function getNews() on null
in APPPATH\Controllers\News.php on line 14.
 1 SYSTEMPATH\CodeIgniter.php(934): App\Controllers\News->index()
 2 SYSTEMPATH\CodeIgniter.php(499): CodeIgniter\CodeIgniter->runController(Object(App\Controllers\News))
 3 SYSTEMPATH\CodeIgniter.php(368): CodeIgniter\CodeIgniter->handleRequest(null, Object(Config\Cache), false)
 4 FCPATH\index.php(67): CodeIgniter\CodeIgniter->run()
CRITICAL - 2023-03-05 22:20:13 --> Call to a member function getNews() on null
in APPPATH\Controllers\News.php on line 14.
 1 SYSTEMPATH\CodeIgniter.php(934): App\Controllers\News->index()
 2 SYSTEMPATH\CodeIgniter.php(499): CodeIgniter\CodeIgniter->runController(Object(App\Controllers\News))
 3 SYSTEMPATH\CodeIgniter.php(368): CodeIgniter\CodeIgniter->handleRequest(null, Object(Config\Cache), false)
 4 FCPATH\index.php(67): CodeIgniter\CodeIgniter->run()
CRITICAL - 2023-03-05 22:20:51 --> Call to a member function getNews() on null
in APPPATH\Controllers\News.php on line 14.
 1 SYSTEMPATH\CodeIgniter.php(934): App\Controllers\News->index()
 2 SYSTEMPATH\CodeIgniter.php(499): CodeIgniter\CodeIgniter->runController(Object(App\Controllers\News))
 3 SYSTEMPATH\CodeIgniter.php(368): CodeIgniter\CodeIgniter->handleRequest(null, Object(Config\Cache), false)
 4 FCPATH\index.php(67): CodeIgniter\CodeIgniter->run()
CRITICAL - 2023-03-05 22:20:52 --> Call to a member function getNews() on null
in APPPATH\Controllers\News.php on line 14.
 1 SYSTEMPATH\CodeIgniter.php(934): App\Controllers\News->index()
 2 SYSTEMPATH\CodeIgniter.php(499): CodeIgniter\CodeIgniter->runController(Object(App\Controllers\News))
 3 SYSTEMPATH\CodeIgniter.php(368): CodeIgniter\CodeIgniter->handleRequest(null, Object(Config\Cache), false)
 4 FCPATH\index.php(67): CodeIgniter\CodeIgniter->run()
CRITICAL - 2023-03-05 22:20:53 --> Call to a member function getNews() on null
in APPPATH\Controllers\News.php on line 14.
 1 SYSTEMPATH\CodeIgniter.php(934): App\Controllers\News->index()
 2 SYSTEMPATH\CodeIgniter.php(499): CodeIgniter\CodeIgniter->runController(Object(App\Controllers\News))
 3 SYSTEMPATH\CodeIgniter.php(368): CodeIgniter\CodeIgniter->handleRequest(null, Object(Config\Cache), false)
 4 FCPATH\index.php(67): CodeIgniter\CodeIgniter->run()
CRITICAL - 2023-03-05 22:27:28 --> Call to a member function getGuest() on null
in APPPATH\Controllers\Guest.php on line 14.
 1 SYSTEMPATH\CodeIgniter.php(934): App\Controllers\Guest->index()
 2 SYSTEMPATH\CodeIgniter.php(499): CodeIgniter\CodeIgniter->runController(Object(App\Controllers\Guest))
 3 SYSTEMPATH\CodeIgniter.php(368): CodeIgniter\CodeIgniter->handleRequest(null, Object(Config\Cache), false)
 4 FCPATH\index.php(67): CodeIgniter\CodeIgniter->run()
CRITICAL - 2023-03-05 22:28:54 --> Call to a member function getGuest() on null
in APPPATH\Controllers\Guest.php on line 14.
 1 SYSTEMPATH\CodeIgniter.php(934): App\Controllers\Guest->index()
 2 SYSTEMPATH\CodeIgniter.php(499): CodeIgniter\CodeIgniter->runController(Object(App\Controllers\Guest))
 3 SYSTEMPATH\CodeIgniter.php(368): CodeIgniter\CodeIgniter->handleRequest(null, Object(Config\Cache), false)
 4 FCPATH\index.php(67): CodeIgniter\CodeIgniter->run()
CRITICAL - 2023-03-05 22:28:55 --> Call to a member function getGuest() on null
in APPPATH\Controllers\Guest.php on line 14.
 1 SYSTEMPATH\CodeIgniter.php(934): App\Controllers\Guest->index()
 2 SYSTEMPATH\CodeIgniter.php(499): CodeIgniter\CodeIgniter->runController(Object(App\Controllers\Guest))
 3 SYSTEMPATH\CodeIgniter.php(368): CodeIgniter\CodeIgniter->handleRequest(null, Object(Config\Cache), false)
 4 FCPATH\index.php(67): CodeIgniter\CodeIgniter->run()
CRITICAL - 2023-03-05 22:29:32 --> Call to a member function getNews() on null
in APPPATH\Controllers\News.php on line 14.
 1 SYSTEMPATH\CodeIgniter.php(934): App\Controllers\News->index()
 2 SYSTEMPATH\CodeIgniter.php(499): CodeIgniter\CodeIgniter->runController(Object(App\Controllers\News))
 3 SYSTEMPATH\CodeIgniter.php(368): CodeIgniter\CodeIgniter->handleRequest(null, Object(Config\Cache), false)
 4 FCPATH\index.php(67): CodeIgniter\CodeIgniter->run()
CRITICAL - 2023-03-05 22:29:32 --> Call to a member function getNews() on null
in APPPATH\Controllers\News.php on line 14.
 1 SYSTEMPATH\CodeIgniter.php(934): App\Controllers\News->index()
 2 SYSTEMPATH\CodeIgniter.php(499): CodeIgniter\CodeIgniter->runController(Object(App\Controllers\News))
 3 SYSTEMPATH\CodeIgniter.php(368): CodeIgniter\CodeIgniter->handleRequest(null, Object(Config\Cache), false)
 4 FCPATH\index.php(67): CodeIgniter\CodeIgniter->run()
CRITICAL - 2023-03-05 22:32:34 --> Call to a member function getNews() on null
in APPPATH\Controllers\News.php on line 14.
 1 SYSTEMPATH\CodeIgniter.php(934): App\Controllers\News->index()
 2 SYSTEMPATH\CodeIgniter.php(499): CodeIgniter\CodeIgniter->runController(Object(App\Controllers\News))
 3 SYSTEMPATH\CodeIgniter.php(368): CodeIgniter\CodeIgniter->handleRequest(null, Object(Config\Cache), false)
 4 FCPATH\index.php(67): CodeIgniter\CodeIgniter->run()
CRITICAL - 2023-03-05 22:32:35 --> Call to a member function getNews() on null
in APPPATH\Controllers\News.php on line 14.
 1 SYSTEMPATH\CodeIgniter.php(934): App\Controllers\News->index()
 2 SYSTEMPATH\CodeIgniter.php(499): CodeIgniter\CodeIgniter->runController(Object(App\Controllers\News))
 3 SYSTEMPATH\CodeIgniter.php(368): CodeIgniter\CodeIgniter->handleRequest(null, Object(Config\Cache), false)
 4 FCPATH\index.php(67): CodeIgniter\CodeIgniter->run()
CRITICAL - 2023-03-05 22:47:23 --> Call to a member function getGuest() on null
in APPPATH\Controllers\Guest.php on line 14.
 1 SYSTEMPATH\CodeIgniter.php(934): App\Controllers\Guest->index()
 2 SYSTEMPATH\CodeIgniter.php(499): CodeIgniter\CodeIgniter->runController(Object(App\Controllers\Guest))
 3 SYSTEMPATH\CodeIgniter.php(368): CodeIgniter\CodeIgniter->handleRequest(null, Object(Config\Cache), false)
 4 FCPATH\index.php(67): CodeIgniter\CodeIgniter->run()
CRITICAL - 2023-03-05 22:47:24 --> Call to a member function getGuest() on null
in APPPATH\Controllers\Guest.php on line 14.
 1 SYSTEMPATH\CodeIgniter.php(934): App\Controllers\Guest->index()
 2 SYSTEMPATH\CodeIgniter.php(499): CodeIgniter\CodeIgniter->runController(Object(App\Controllers\Guest))
 3 SYSTEMPATH\CodeIgniter.php(368): CodeIgniter\CodeIgniter->handleRequest(null, Object(Config\Cache), false)
 4 FCPATH\index.php(67): CodeIgniter\CodeIgniter->run()
CRITICAL - 2023-03-05 22:48:23 --> Call to a member function getGuest() on null
in APPPATH\Controllers\Guest.php on line 14.
 1 SYSTEMPATH\CodeIgniter.php(934): App\Controllers\Guest->index()
 2 SYSTEMPATH\CodeIgniter.php(499): CodeIgniter\CodeIgniter->runController(Object(App\Controllers\Guest))
 3 SYSTEMPATH\CodeIgniter.php(368): CodeIgniter\CodeIgniter->handleRequest(null, Object(Config\Cache), false)
 4 FCPATH\index.php(67): CodeIgniter\CodeIgniter->run()
CRITICAL - 2023-03-05 22:48:24 --> Call to a member function getGuest() on null
in APPPATH\Controllers\Guest.php on line 14.
 1 SYSTEMPATH\CodeIgniter.php(934): App\Controllers\Guest->index()
 2 SYSTEMPATH\CodeIgniter.php(499): CodeIgniter\CodeIgniter->runController(Object(App\Controllers\Guest))
 3 SYSTEMPATH\CodeIgniter.php(368): CodeIgniter\CodeIgniter->handleRequest(null, Object(Config\Cache), false)
 4 FCPATH\index.php(67): CodeIgniter\CodeIgniter->run()
CRITICAL - 2023-03-05 22:55:07 --> Call to a member function getGuest() on null
in APPPATH\Controllers\Guest.php on line 14.
 1 SYSTEMPATH\CodeIgniter.php(934): App\Controllers\Guest->index()
 2 SYSTEMPATH\CodeIgniter.php(499): CodeIgniter\CodeIgniter->runController(Object(App\Controllers\Guest))
 3 SYSTEMPATH\CodeIgniter.php(368): CodeIgniter\CodeIgniter->handleRequest(null, Object(Config\Cache), false)
 4 FCPATH\index.php(67): CodeIgniter\CodeIgniter->run()
CRITICAL - 2023-03-05 22:55:14 --> Call to a member function getNews() on null
in APPPATH\Controllers\News.php on line 14.
 1 SYSTEMPATH\CodeIgniter.php(934): App\Controllers\News->index()
 2 SYSTEMPATH\CodeIgniter.php(499): CodeIgniter\CodeIgniter->runController(Object(App\Controllers\News))
 3 SYSTEMPATH\CodeIgniter.php(368): CodeIgniter\CodeIgniter->handleRequest(null, Object(Config\Cache), false)
 4 FCPATH\index.php(67): CodeIgniter\CodeIgniter->run()
CRITICAL - 2023-03-05 22:55:14 --> Call to a member function getNews() on null
in APPPATH\Controllers\News.php on line 14.
 1 SYSTEMPATH\CodeIgniter.php(934): App\Controllers\News->index()
 2 SYSTEMPATH\CodeIgniter.php(499): CodeIgniter\CodeIgniter->runController(Object(App\Controllers\News))
 3 SYSTEMPATH\CodeIgniter.php(368): CodeIgniter\CodeIgniter->handleRequest(null, Object(Config\Cache), false)
 4 FCPATH\index.php(67): CodeIgniter\CodeIgniter->run()
CRITICAL - 2023-03-05 22:58:41 --> Call to a member function getNews() on null
in APPPATH\Controllers\News.php on line 14.
 1 SYSTEMPATH\CodeIgniter.php(934): App\Controllers\News->index()
 2 SYSTEMPATH\CodeIgniter.php(499): CodeIgniter\CodeIgniter->runController(Object(App\Controllers\News))
 3 SYSTEMPATH\CodeIgniter.php(368): CodeIgniter\CodeIgniter->handleRequest(null, Object(Config\Cache), false)
 4 FCPATH\index.php(67): CodeIgniter\CodeIgniter->run()
CRITICAL - 2023-03-05 22:58:49 --> Call to a member function getNews() on null
in APPPATH\Controllers\News.php on line 14.
 1 SYSTEMPATH\CodeIgniter.php(934): App\Controllers\News->index()
 2 SYSTEMPATH\CodeIgniter.php(499): CodeIgniter\CodeIgniter->runController(Object(App\Controllers\News))
 3 SYSTEMPATH\CodeIgniter.php(368): CodeIgniter\CodeIgniter->handleRequest(null, Object(Config\Cache), false)
 4 FCPATH\index.php(67): CodeIgniter\CodeIgniter->run()
CRITICAL - 2023-03-05 22:59:14 --> Call to a member function getNews() on null
in APPPATH\Controllers\News.php on line 14.
 1 SYSTEMPATH\CodeIgniter.php(934): App\Controllers\News->index()
 2 SYSTEMPATH\CodeIgniter.php(499): CodeIgniter\CodeIgniter->runController(Object(App\Controllers\News))
 3 SYSTEMPATH\CodeIgniter.php(368): CodeIgniter\CodeIgniter->handleRequest(null, Object(Config\Cache), false)
 4 FCPATH\index.php(67): CodeIgniter\CodeIgniter->run()
CRITICAL - 2023-03-05 23:13:11 --> Call to a member function getNews() on null
in APPPATH\Controllers\News.php on line 14.
 1 SYSTEMPATH\CodeIgniter.php(934): App\Controllers\News->index()
 2 SYSTEMPATH\CodeIgniter.php(499): CodeIgniter\CodeIgniter->runController(Object(App\Controllers\News))
 3 SYSTEMPATH\CodeIgniter.php(368): CodeIgniter\CodeIgniter->handleRequest(null, Object(Config\Cache), false)
 4 FCPATH\index.php(67): CodeIgniter\CodeIgniter->run()
CRITICAL - 2023-03-05 23:13:12 --> Call to a member function getNews() on null
in APPPATH\Controllers\News.php on line 14.
 1 SYSTEMPATH\CodeIgniter.php(934): App\Controllers\News->index()
 2 SYSTEMPATH\CodeIgniter.php(499): CodeIgniter\CodeIgniter->runController(Object(App\Controllers\News))
 3 SYSTEMPATH\CodeIgniter.php(368): CodeIgniter\CodeIgniter->handleRequest(null, Object(Config\Cache), false)
 4 FCPATH\index.php(67): CodeIgniter\CodeIgniter->run()
CRITICAL - 2023-03-05 23:13:12 --> Call to a member function getNews() on null
in APPPATH\Controllers\News.php on line 14.
 1 SYSTEMPATH\CodeIgniter.php(934): App\Controllers\News->index()
 2 SYSTEMPATH\CodeIgniter.php(499): CodeIgniter\CodeIgniter->runController(Object(App\Controllers\News))
 3 SYSTEMPATH\CodeIgniter.php(368): CodeIgniter\CodeIgniter->handleRequest(null, Object(Config\Cache), false)
 4 FCPATH\index.php(67): CodeIgniter\CodeIgniter->run()
CRITICAL - 2023-03-05 23:19:47 --> Call to a member function getNews() on null
in APPPATH\Controllers\News.php on line 14.
 1 SYSTEMPATH\CodeIgniter.php(934): App\Controllers\News->index()
 2 SYSTEMPATH\CodeIgniter.php(499): CodeIgniter\CodeIgniter->runController(Object(App\Controllers\News))
 3 SYSTEMPATH\CodeIgniter.php(368): CodeIgniter\CodeIgniter->handleRequest(null, Object(Config\Cache), false)
 4 FCPATH\index.php(67): CodeIgniter\CodeIgniter->run()
