CRITICAL - 2023-03-01 13:16:46 --> syntax error, unexpected 'echo' (T_ECHO)
in APPPATH\Views\templates\header.php on line 10.
 1 SYSTEMPATH\View\View.php(216): CodeIgniter\View\View->CodeIgniter\View\{closure}()
 2 SYSTEMPATH\Common.php(1177): CodeIgniter\View\View->render('templates/header', [], true)
 3 APPPATH\Controllers\Pages.php(20): view('templates/header', [...])
 4 SYSTEMPATH\CodeIgniter.php(934): App\Controllers\Pages->view('home')
 5 SYSTEMPATH\CodeIgniter.php(499): CodeIgniter\CodeIgniter->runController(Object(App\Controllers\Pages))
 6 SYSTEMPATH\CodeIgniter.php(368): CodeIgniter\CodeIgniter->handleRequest(null, Object(Config\Cache), false)
 7 FCPATH\index.php(67): CodeIgniter\CodeIgniter->run()
CRITICAL - 2023-03-01 13:17:29 --> syntax error, unexpected 'echo' (T_ECHO)
in APPPATH\Views\templates\header.php on line 10.
 1 SYSTEMPATH\View\View.php(216): CodeIgniter\View\View->CodeIgniter\View\{closure}()
 2 SYSTEMPATH\Common.php(1177): CodeIgniter\View\View->render('templates/header', [], true)
 3 APPPATH\Controllers\Pages.php(20): view('templates/header', [...])
 4 SYSTEMPATH\CodeIgniter.php(934): App\Controllers\Pages->view('home')
 5 SYSTEMPATH\CodeIgniter.php(499): CodeIgniter\CodeIgniter->runController(Object(App\Controllers\Pages))
 6 SYSTEMPATH\CodeIgniter.php(368): CodeIgniter\CodeIgniter->handleRequest(null, Object(Config\Cache), false)
 7 FCPATH\index.php(67): CodeIgniter\CodeIgniter->run()
CRITICAL - 2023-03-01 13:17:30 --> syntax error, unexpected 'echo' (T_ECHO)
in APPPATH\Views\templates\header.php on line 10.
 1 SYSTEMPATH\View\View.php(216): CodeIgniter\View\View->CodeIgniter\View\{closure}()
 2 SYSTEMPATH\Common.php(1177): CodeIgniter\View\View->render('templates/header', [], true)
 3 APPPATH\Controllers\Pages.php(20): view('templates/header', [...])
 4 SYSTEMPATH\CodeIgniter.php(934): App\Controllers\Pages->view('home')
 5 SYSTEMPATH\CodeIgniter.php(499): CodeIgniter\CodeIgniter->runController(Object(App\Controllers\Pages))
 6 SYSTEMPATH\CodeIgniter.php(368): CodeIgniter\CodeIgniter->handleRequest(null, Object(Config\Cache), false)
 7 FCPATH\index.php(67): CodeIgniter\CodeIgniter->run()
CRITICAL - 2023-03-01 13:18:39 --> syntax error, unexpected 'echo' (T_ECHO)
in APPPATH\Views\templates\header.php on line 10.
 1 SYSTEMPATH\View\View.php(216): CodeIgniter\View\View->CodeIgniter\View\{closure}()
 2 SYSTEMPATH\Common.php(1177): CodeIgniter\View\View->render('templates/header', [], true)
 3 APPPATH\Controllers\Pages.php(20): view('templates/header', [...])
 4 SYSTEMPATH\CodeIgniter.php(934): App\Controllers\Pages->view('home')
 5 SYSTEMPATH\CodeIgniter.php(499): CodeIgniter\CodeIgniter->runController(Object(App\Controllers\Pages))
 6 SYSTEMPATH\CodeIgniter.php(368): CodeIgniter\CodeIgniter->handleRequest(null, Object(Config\Cache), false)
 7 FCPATH\index.php(67): CodeIgniter\CodeIgniter->run()
CRITICAL - 2023-03-01 13:18:40 --> syntax error, unexpected 'echo' (T_ECHO)
in APPPATH\Views\templates\header.php on line 10.
 1 SYSTEMPATH\View\View.php(216): CodeIgniter\View\View->CodeIgniter\View\{closure}()
 2 SYSTEMPATH\Common.php(1177): CodeIgniter\View\View->render('templates/header', [], true)
 3 APPPATH\Controllers\Pages.php(20): view('templates/header', [...])
 4 SYSTEMPATH\CodeIgniter.php(934): App\Controllers\Pages->view('home')
 5 SYSTEMPATH\CodeIgniter.php(499): CodeIgniter\CodeIgniter->runController(Object(App\Controllers\Pages))
 6 SYSTEMPATH\CodeIgniter.php(368): CodeIgniter\CodeIgniter->handleRequest(null, Object(Config\Cache), false)
 7 FCPATH\index.php(67): CodeIgniter\CodeIgniter->run()
CRITICAL - 2023-03-01 13:18:40 --> syntax error, unexpected 'echo' (T_ECHO)
in APPPATH\Views\templates\header.php on line 10.
 1 SYSTEMPATH\View\View.php(216): CodeIgniter\View\View->CodeIgniter\View\{closure}()
 2 SYSTEMPATH\Common.php(1177): CodeIgniter\View\View->render('templates/header', [], true)
 3 APPPATH\Controllers\Pages.php(20): view('templates/header', [...])
 4 SYSTEMPATH\CodeIgniter.php(934): App\Controllers\Pages->view('home')
 5 SYSTEMPATH\CodeIgniter.php(499): CodeIgniter\CodeIgniter->runController(Object(App\Controllers\Pages))
 6 SYSTEMPATH\CodeIgniter.php(368): CodeIgniter\CodeIgniter->handleRequest(null, Object(Config\Cache), false)
 7 FCPATH\index.php(67): CodeIgniter\CodeIgniter->run()
CRITICAL - 2023-03-01 13:20:11 --> syntax error, unexpected 'echo' (T_ECHO)
in APPPATH\Views\templates\header.php on line 10.
 1 SYSTEMPATH\View\View.php(216): CodeIgniter\View\View->CodeIgniter\View\{closure}()
 2 SYSTEMPATH\Common.php(1177): CodeIgniter\View\View->render('templates/header', [], true)
 3 APPPATH\Controllers\Pages.php(20): view('templates/header', [...])
 4 SYSTEMPATH\CodeIgniter.php(934): App\Controllers\Pages->view('home')
 5 SYSTEMPATH\CodeIgniter.php(499): CodeIgniter\CodeIgniter->runController(Object(App\Controllers\Pages))
 6 SYSTEMPATH\CodeIgniter.php(368): CodeIgniter\CodeIgniter->handleRequest(null, Object(Config\Cache), false)
 7 FCPATH\index.php(67): CodeIgniter\CodeIgniter->run()
CRITICAL - 2023-03-01 13:20:12 --> syntax error, unexpected 'echo' (T_ECHO)
in APPPATH\Views\templates\header.php on line 10.
 1 SYSTEMPATH\View\View.php(216): CodeIgniter\View\View->CodeIgniter\View\{closure}()
 2 SYSTEMPATH\Common.php(1177): CodeIgniter\View\View->render('templates/header', [], true)
 3 APPPATH\Controllers\Pages.php(20): view('templates/header', [...])
 4 SYSTEMPATH\CodeIgniter.php(934): App\Controllers\Pages->view('home')
 5 SYSTEMPATH\CodeIgniter.php(499): CodeIgniter\CodeIgniter->runController(Object(App\Controllers\Pages))
 6 SYSTEMPATH\CodeIgniter.php(368): CodeIgniter\CodeIgniter->handleRequest(null, Object(Config\Cache), false)
 7 FCPATH\index.php(67): CodeIgniter\CodeIgniter->run()
CRITICAL - 2023-03-01 13:20:12 --> syntax error, unexpected 'echo' (T_ECHO)
in APPPATH\Views\templates\header.php on line 10.
 1 SYSTEMPATH\View\View.php(216): CodeIgniter\View\View->CodeIgniter\View\{closure}()
 2 SYSTEMPATH\Common.php(1177): CodeIgniter\View\View->render('templates/header', [], true)
 3 APPPATH\Controllers\Pages.php(20): view('templates/header', [...])
 4 SYSTEMPATH\CodeIgniter.php(934): App\Controllers\Pages->view('home')
 5 SYSTEMPATH\CodeIgniter.php(499): CodeIgniter\CodeIgniter->runController(Object(App\Controllers\Pages))
 6 SYSTEMPATH\CodeIgniter.php(368): CodeIgniter\CodeIgniter->handleRequest(null, Object(Config\Cache), false)
 7 FCPATH\index.php(67): CodeIgniter\CodeIgniter->run()
CRITICAL - 2023-03-01 13:20:38 --> syntax error, unexpected 'echo' (T_ECHO)
in APPPATH\Views\templates\header.php on line 10.
 1 SYSTEMPATH\View\View.php(216): CodeIgniter\View\View->CodeIgniter\View\{closure}()
 2 SYSTEMPATH\Common.php(1177): CodeIgniter\View\View->render('templates/header', [], true)
 3 APPPATH\Controllers\Pages.php(20): view('templates/header', [...])
 4 SYSTEMPATH\CodeIgniter.php(934): App\Controllers\Pages->view('home')
 5 SYSTEMPATH\CodeIgniter.php(499): CodeIgniter\CodeIgniter->runController(Object(App\Controllers\Pages))
 6 SYSTEMPATH\CodeIgniter.php(368): CodeIgniter\CodeIgniter->handleRequest(null, Object(Config\Cache), false)
 7 FCPATH\index.php(67): CodeIgniter\CodeIgniter->run()
CRITICAL - 2023-03-01 13:20:39 --> syntax error, unexpected 'echo' (T_ECHO)
in APPPATH\Views\templates\header.php on line 10.
 1 SYSTEMPATH\View\View.php(216): CodeIgniter\View\View->CodeIgniter\View\{closure}()
 2 SYSTEMPATH\Common.php(1177): CodeIgniter\View\View->render('templates/header', [], true)
 3 APPPATH\Controllers\Pages.php(20): view('templates/header', [...])
 4 SYSTEMPATH\CodeIgniter.php(934): App\Controllers\Pages->view('home')
 5 SYSTEMPATH\CodeIgniter.php(499): CodeIgniter\CodeIgniter->runController(Object(App\Controllers\Pages))
 6 SYSTEMPATH\CodeIgniter.php(368): CodeIgniter\CodeIgniter->handleRequest(null, Object(Config\Cache), false)
 7 FCPATH\index.php(67): CodeIgniter\CodeIgniter->run()
CRITICAL - 2023-03-01 13:20:39 --> syntax error, unexpected 'echo' (T_ECHO)
in APPPATH\Views\templates\header.php on line 10.
 1 SYSTEMPATH\View\View.php(216): CodeIgniter\View\View->CodeIgniter\View\{closure}()
 2 SYSTEMPATH\Common.php(1177): CodeIgniter\View\View->render('templates/header', [], true)
 3 APPPATH\Controllers\Pages.php(20): view('templates/header', [...])
 4 SYSTEMPATH\CodeIgniter.php(934): App\Controllers\Pages->view('home')
 5 SYSTEMPATH\CodeIgniter.php(499): CodeIgniter\CodeIgniter->runController(Object(App\Controllers\Pages))
 6 SYSTEMPATH\CodeIgniter.php(368): CodeIgniter\CodeIgniter->handleRequest(null, Object(Config\Cache), false)
 7 FCPATH\index.php(67): CodeIgniter\CodeIgniter->run()
CRITICAL - 2023-03-01 13:20:39 --> syntax error, unexpected 'echo' (T_ECHO)
in APPPATH\Views\templates\header.php on line 10.
 1 SYSTEMPATH\View\View.php(216): CodeIgniter\View\View->CodeIgniter\View\{closure}()
 2 SYSTEMPATH\Common.php(1177): CodeIgniter\View\View->render('templates/header', [], true)
 3 APPPATH\Controllers\Pages.php(20): view('templates/header', [...])
 4 SYSTEMPATH\CodeIgniter.php(934): App\Controllers\Pages->view('home')
 5 SYSTEMPATH\CodeIgniter.php(499): CodeIgniter\CodeIgniter->runController(Object(App\Controllers\Pages))
 6 SYSTEMPATH\CodeIgniter.php(368): CodeIgniter\CodeIgniter->handleRequest(null, Object(Config\Cache), false)
 7 FCPATH\index.php(67): CodeIgniter\CodeIgniter->run()
CRITICAL - 2023-03-01 13:20:40 --> syntax error, unexpected 'echo' (T_ECHO)
in APPPATH\Views\templates\header.php on line 10.
 1 SYSTEMPATH\View\View.php(216): CodeIgniter\View\View->CodeIgniter\View\{closure}()
 2 SYSTEMPATH\Common.php(1177): CodeIgniter\View\View->render('templates/header', [], true)
 3 APPPATH\Controllers\Pages.php(20): view('templates/header', [...])
 4 SYSTEMPATH\CodeIgniter.php(934): App\Controllers\Pages->view('home')
 5 SYSTEMPATH\CodeIgniter.php(499): CodeIgniter\CodeIgniter->runController(Object(App\Controllers\Pages))
 6 SYSTEMPATH\CodeIgniter.php(368): CodeIgniter\CodeIgniter->handleRequest(null, Object(Config\Cache), false)
 7 FCPATH\index.php(67): CodeIgniter\CodeIgniter->run()
CRITICAL - 2023-03-01 13:20:40 --> syntax error, unexpected 'echo' (T_ECHO)
in APPPATH\Views\templates\header.php on line 10.
 1 SYSTEMPATH\View\View.php(216): CodeIgniter\View\View->CodeIgniter\View\{closure}()
 2 SYSTEMPATH\Common.php(1177): CodeIgniter\View\View->render('templates/header', [], true)
 3 APPPATH\Controllers\Pages.php(20): view('templates/header', [...])
 4 SYSTEMPATH\CodeIgniter.php(934): App\Controllers\Pages->view('home')
 5 SYSTEMPATH\CodeIgniter.php(499): CodeIgniter\CodeIgniter->runController(Object(App\Controllers\Pages))
 6 SYSTEMPATH\CodeIgniter.php(368): CodeIgniter\CodeIgniter->handleRequest(null, Object(Config\Cache), false)
 7 FCPATH\index.php(67): CodeIgniter\CodeIgniter->run()
CRITICAL - 2023-03-01 13:20:40 --> syntax error, unexpected 'echo' (T_ECHO)
in APPPATH\Views\templates\header.php on line 10.
 1 SYSTEMPATH\View\View.php(216): CodeIgniter\View\View->CodeIgniter\View\{closure}()
 2 SYSTEMPATH\Common.php(1177): CodeIgniter\View\View->render('templates/header', [], true)
 3 APPPATH\Controllers\Pages.php(20): view('templates/header', [...])
 4 SYSTEMPATH\CodeIgniter.php(934): App\Controllers\Pages->view('home')
 5 SYSTEMPATH\CodeIgniter.php(499): CodeIgniter\CodeIgniter->runController(Object(App\Controllers\Pages))
 6 SYSTEMPATH\CodeIgniter.php(368): CodeIgniter\CodeIgniter->handleRequest(null, Object(Config\Cache), false)
 7 FCPATH\index.php(67): CodeIgniter\CodeIgniter->run()
CRITICAL - 2023-03-01 13:22:13 --> Call to undefined function link_tag()
in APPPATH\Views\templates\header.php on line 6.
 1 SYSTEMPATH\View\View.php(213): include()
 2 SYSTEMPATH\View\View.php(216): CodeIgniter\View\View->CodeIgniter\View\{closure}()
 3 SYSTEMPATH\Common.php(1177): CodeIgniter\View\View->render('templates/header', [], true)
 4 APPPATH\Controllers\Pages.php(20): view('templates/header', [...])
 5 SYSTEMPATH\CodeIgniter.php(934): App\Controllers\Pages->view('home')
 6 SYSTEMPATH\CodeIgniter.php(499): CodeIgniter\CodeIgniter->runController(Object(App\Controllers\Pages))
 7 SYSTEMPATH\CodeIgniter.php(368): CodeIgniter\CodeIgniter->handleRequest(null, Object(Config\Cache), false)
 8 FCPATH\index.php(67): CodeIgniter\CodeIgniter->run()
CRITICAL - 2023-03-01 13:22:14 --> Call to undefined function link_tag()
in APPPATH\Views\templates\header.php on line 6.
 1 SYSTEMPATH\View\View.php(213): include()
 2 SYSTEMPATH\View\View.php(216): CodeIgniter\View\View->CodeIgniter\View\{closure}()
 3 SYSTEMPATH\Common.php(1177): CodeIgniter\View\View->render('templates/header', [], true)
 4 APPPATH\Controllers\Pages.php(20): view('templates/header', [...])
 5 SYSTEMPATH\CodeIgniter.php(934): App\Controllers\Pages->view('home')
 6 SYSTEMPATH\CodeIgniter.php(499): CodeIgniter\CodeIgniter->runController(Object(App\Controllers\Pages))
 7 SYSTEMPATH\CodeIgniter.php(368): CodeIgniter\CodeIgniter->handleRequest(null, Object(Config\Cache), false)
 8 FCPATH\index.php(67): CodeIgniter\CodeIgniter->run()
CRITICAL - 2023-03-01 13:22:28 --> Call to undefined function link_tag()
in APPPATH\Views\templates\header.php on line 6.
 1 SYSTEMPATH\View\View.php(213): include()
 2 SYSTEMPATH\View\View.php(216): CodeIgniter\View\View->CodeIgniter\View\{closure}()
 3 SYSTEMPATH\Common.php(1177): CodeIgniter\View\View->render('templates/header', [], true)
 4 APPPATH\Controllers\Pages.php(20): view('templates/header', [...])
 5 SYSTEMPATH\CodeIgniter.php(934): App\Controllers\Pages->view('home')
 6 SYSTEMPATH\CodeIgniter.php(499): CodeIgniter\CodeIgniter->runController(Object(App\Controllers\Pages))
 7 SYSTEMPATH\CodeIgniter.php(368): CodeIgniter\CodeIgniter->handleRequest(null, Object(Config\Cache), false)
 8 FCPATH\index.php(67): CodeIgniter\CodeIgniter->run()
CRITICAL - 2023-03-01 13:22:28 --> Call to undefined function link_tag()
in APPPATH\Views\templates\header.php on line 6.
 1 SYSTEMPATH\View\View.php(213): include()
 2 SYSTEMPATH\View\View.php(216): CodeIgniter\View\View->CodeIgniter\View\{closure}()
 3 SYSTEMPATH\Common.php(1177): CodeIgniter\View\View->render('templates/header', [], true)
 4 APPPATH\Controllers\Pages.php(20): view('templates/header', [...])
 5 SYSTEMPATH\CodeIgniter.php(934): App\Controllers\Pages->view('home')
 6 SYSTEMPATH\CodeIgniter.php(499): CodeIgniter\CodeIgniter->runController(Object(App\Controllers\Pages))
 7 SYSTEMPATH\CodeIgniter.php(368): CodeIgniter\CodeIgniter->handleRequest(null, Object(Config\Cache), false)
 8 FCPATH\index.php(67): CodeIgniter\CodeIgniter->run()
CRITICAL - 2023-03-01 13:22:29 --> Call to undefined function link_tag()
in APPPATH\Views\templates\header.php on line 6.
 1 SYSTEMPATH\View\View.php(213): include()
 2 SYSTEMPATH\View\View.php(216): CodeIgniter\View\View->CodeIgniter\View\{closure}()
 3 SYSTEMPATH\Common.php(1177): CodeIgniter\View\View->render('templates/header', [], true)
 4 APPPATH\Controllers\Pages.php(20): view('templates/header', [...])
 5 SYSTEMPATH\CodeIgniter.php(934): App\Controllers\Pages->view('home')
 6 SYSTEMPATH\CodeIgniter.php(499): CodeIgniter\CodeIgniter->runController(Object(App\Controllers\Pages))
 7 SYSTEMPATH\CodeIgniter.php(368): CodeIgniter\CodeIgniter->handleRequest(null, Object(Config\Cache), false)
 8 FCPATH\index.php(67): CodeIgniter\CodeIgniter->run()
CRITICAL - 2023-03-01 13:22:29 --> Call to undefined function link_tag()
in APPPATH\Views\templates\header.php on line 6.
 1 SYSTEMPATH\View\View.php(213): include()
 2 SYSTEMPATH\View\View.php(216): CodeIgniter\View\View->CodeIgniter\View\{closure}()
 3 SYSTEMPATH\Common.php(1177): CodeIgniter\View\View->render('templates/header', [], true)
 4 APPPATH\Controllers\Pages.php(20): view('templates/header', [...])
 5 SYSTEMPATH\CodeIgniter.php(934): App\Controllers\Pages->view('home')
 6 SYSTEMPATH\CodeIgniter.php(499): CodeIgniter\CodeIgniter->runController(Object(App\Controllers\Pages))
 7 SYSTEMPATH\CodeIgniter.php(368): CodeIgniter\CodeIgniter->handleRequest(null, Object(Config\Cache), false)
 8 FCPATH\index.php(67): CodeIgniter\CodeIgniter->run()
CRITICAL - 2023-03-01 13:22:29 --> Call to undefined function link_tag()
in APPPATH\Views\templates\header.php on line 6.
 1 SYSTEMPATH\View\View.php(213): include()
 2 SYSTEMPATH\View\View.php(216): CodeIgniter\View\View->CodeIgniter\View\{closure}()
 3 SYSTEMPATH\Common.php(1177): CodeIgniter\View\View->render('templates/header', [], true)
 4 APPPATH\Controllers\Pages.php(20): view('templates/header', [...])
 5 SYSTEMPATH\CodeIgniter.php(934): App\Controllers\Pages->view('home')
 6 SYSTEMPATH\CodeIgniter.php(499): CodeIgniter\CodeIgniter->runController(Object(App\Controllers\Pages))
 7 SYSTEMPATH\CodeIgniter.php(368): CodeIgniter\CodeIgniter->handleRequest(null, Object(Config\Cache), false)
 8 FCPATH\index.php(67): CodeIgniter\CodeIgniter->run()
CRITICAL - 2023-03-01 13:22:38 --> Call to undefined function link_tag()
in APPPATH\Views\templates\header.php on line 6.
 1 SYSTEMPATH\View\View.php(213): include()
 2 SYSTEMPATH\View\View.php(216): CodeIgniter\View\View->CodeIgniter\View\{closure}()
 3 SYSTEMPATH\Common.php(1177): CodeIgniter\View\View->render('templates/header', [], true)
 4 APPPATH\Controllers\Pages.php(20): view('templates/header', [...])
 5 SYSTEMPATH\CodeIgniter.php(934): App\Controllers\Pages->view('home')
 6 SYSTEMPATH\CodeIgniter.php(499): CodeIgniter\CodeIgniter->runController(Object(App\Controllers\Pages))
 7 SYSTEMPATH\CodeIgniter.php(368): CodeIgniter\CodeIgniter->handleRequest(null, Object(Config\Cache), false)
 8 FCPATH\index.php(67): CodeIgniter\CodeIgniter->run()
CRITICAL - 2023-03-01 13:22:39 --> Call to undefined function link_tag()
in APPPATH\Views\templates\header.php on line 6.
 1 SYSTEMPATH\View\View.php(213): include()
 2 SYSTEMPATH\View\View.php(216): CodeIgniter\View\View->CodeIgniter\View\{closure}()
 3 SYSTEMPATH\Common.php(1177): CodeIgniter\View\View->render('templates/header', [], true)
 4 APPPATH\Controllers\Pages.php(20): view('templates/header', [...])
 5 SYSTEMPATH\CodeIgniter.php(934): App\Controllers\Pages->view('home')
 6 SYSTEMPATH\CodeIgniter.php(499): CodeIgniter\CodeIgniter->runController(Object(App\Controllers\Pages))
 7 SYSTEMPATH\CodeIgniter.php(368): CodeIgniter\CodeIgniter->handleRequest(null, Object(Config\Cache), false)
 8 FCPATH\index.php(67): CodeIgniter\CodeIgniter->run()
CRITICAL - 2023-03-01 13:22:48 --> Call to undefined function link_tag()
in APPPATH\Views\templates\header.php on line 6.
 1 SYSTEMPATH\View\View.php(213): include()
 2 SYSTEMPATH\View\View.php(216): CodeIgniter\View\View->CodeIgniter\View\{closure}()
 3 SYSTEMPATH\Common.php(1177): CodeIgniter\View\View->render('templates/header', [], true)
 4 APPPATH\Controllers\Pages.php(20): view('templates/header', [...])
 5 SYSTEMPATH\CodeIgniter.php(934): App\Controllers\Pages->view('home')
 6 SYSTEMPATH\CodeIgniter.php(499): CodeIgniter\CodeIgniter->runController(Object(App\Controllers\Pages))
 7 SYSTEMPATH\CodeIgniter.php(368): CodeIgniter\CodeIgniter->handleRequest(null, Object(Config\Cache), false)
 8 FCPATH\index.php(67): CodeIgniter\CodeIgniter->run()
CRITICAL - 2023-03-01 13:22:49 --> Call to undefined function link_tag()
in APPPATH\Views\templates\header.php on line 6.
 1 SYSTEMPATH\View\View.php(213): include()
 2 SYSTEMPATH\View\View.php(216): CodeIgniter\View\View->CodeIgniter\View\{closure}()
 3 SYSTEMPATH\Common.php(1177): CodeIgniter\View\View->render('templates/header', [], true)
 4 APPPATH\Controllers\Pages.php(20): view('templates/header', [...])
 5 SYSTEMPATH\CodeIgniter.php(934): App\Controllers\Pages->view('home')
 6 SYSTEMPATH\CodeIgniter.php(499): CodeIgniter\CodeIgniter->runController(Object(App\Controllers\Pages))
 7 SYSTEMPATH\CodeIgniter.php(368): CodeIgniter\CodeIgniter->handleRequest(null, Object(Config\Cache), false)
 8 FCPATH\index.php(67): CodeIgniter\CodeIgniter->run()
CRITICAL - 2023-03-01 13:23:27 --> Call to undefined function link_tag()
in APPPATH\Views\templates\header.php on line 6.
 1 SYSTEMPATH\View\View.php(213): include()
 2 SYSTEMPATH\View\View.php(216): CodeIgniter\View\View->CodeIgniter\View\{closure}()
 3 SYSTEMPATH\Common.php(1177): CodeIgniter\View\View->render('templates/header', [], true)
 4 APPPATH\Controllers\Pages.php(20): view('templates/header', [...])
 5 SYSTEMPATH\CodeIgniter.php(934): App\Controllers\Pages->view('home')
 6 SYSTEMPATH\CodeIgniter.php(499): CodeIgniter\CodeIgniter->runController(Object(App\Controllers\Pages))
 7 SYSTEMPATH\CodeIgniter.php(368): CodeIgniter\CodeIgniter->handleRequest(null, Object(Config\Cache), false)
 8 FCPATH\index.php(67): CodeIgniter\CodeIgniter->run()
CRITICAL - 2023-03-01 13:23:28 --> Call to undefined function link_tag()
in APPPATH\Views\templates\header.php on line 6.
 1 SYSTEMPATH\View\View.php(213): include()
 2 SYSTEMPATH\View\View.php(216): CodeIgniter\View\View->CodeIgniter\View\{closure}()
 3 SYSTEMPATH\Common.php(1177): CodeIgniter\View\View->render('templates/header', [], true)
 4 APPPATH\Controllers\Pages.php(20): view('templates/header', [...])
 5 SYSTEMPATH\CodeIgniter.php(934): App\Controllers\Pages->view('home')
 6 SYSTEMPATH\CodeIgniter.php(499): CodeIgniter\CodeIgniter->runController(Object(App\Controllers\Pages))
 7 SYSTEMPATH\CodeIgniter.php(368): CodeIgniter\CodeIgniter->handleRequest(null, Object(Config\Cache), false)
 8 FCPATH\index.php(67): CodeIgniter\CodeIgniter->run()
CRITICAL - 2023-03-01 13:23:28 --> Call to undefined function link_tag()
in APPPATH\Views\templates\header.php on line 6.
 1 SYSTEMPATH\View\View.php(213): include()
 2 SYSTEMPATH\View\View.php(216): CodeIgniter\View\View->CodeIgniter\View\{closure}()
 3 SYSTEMPATH\Common.php(1177): CodeIgniter\View\View->render('templates/header', [], true)
 4 APPPATH\Controllers\Pages.php(20): view('templates/header', [...])
 5 SYSTEMPATH\CodeIgniter.php(934): App\Controllers\Pages->view('home')
 6 SYSTEMPATH\CodeIgniter.php(499): CodeIgniter\CodeIgniter->runController(Object(App\Controllers\Pages))
 7 SYSTEMPATH\CodeIgniter.php(368): CodeIgniter\CodeIgniter->handleRequest(null, Object(Config\Cache), false)
 8 FCPATH\index.php(67): CodeIgniter\CodeIgniter->run()
CRITICAL - 2023-03-01 13:23:28 --> Call to undefined function link_tag()
in APPPATH\Views\templates\header.php on line 6.
 1 SYSTEMPATH\View\View.php(213): include()
 2 SYSTEMPATH\View\View.php(216): CodeIgniter\View\View->CodeIgniter\View\{closure}()
 3 SYSTEMPATH\Common.php(1177): CodeIgniter\View\View->render('templates/header', [], true)
 4 APPPATH\Controllers\Pages.php(20): view('templates/header', [...])
 5 SYSTEMPATH\CodeIgniter.php(934): App\Controllers\Pages->view('home')
 6 SYSTEMPATH\CodeIgniter.php(499): CodeIgniter\CodeIgniter->runController(Object(App\Controllers\Pages))
 7 SYSTEMPATH\CodeIgniter.php(368): CodeIgniter\CodeIgniter->handleRequest(null, Object(Config\Cache), false)
 8 FCPATH\index.php(67): CodeIgniter\CodeIgniter->run()
CRITICAL - 2023-03-01 15:26:21 --> syntax error, unexpected 'echo' (T_ECHO)
in APPPATH\Views\templates\header.php on line 10.
 1 SYSTEMPATH\View\View.php(216): CodeIgniter\View\View->CodeIgniter\View\{closure}()
 2 SYSTEMPATH\Common.php(1177): CodeIgniter\View\View->render('templates/header', [], true)
 3 APPPATH\Controllers\Pages.php(20): view('templates/header', [...])
 4 SYSTEMPATH\CodeIgniter.php(934): App\Controllers\Pages->view('home')
 5 SYSTEMPATH\CodeIgniter.php(499): CodeIgniter\CodeIgniter->runController(Object(App\Controllers\Pages))
 6 SYSTEMPATH\CodeIgniter.php(368): CodeIgniter\CodeIgniter->handleRequest(null, Object(Config\Cache), false)
 7 FCPATH\index.php(67): CodeIgniter\CodeIgniter->run()
CRITICAL - 2023-03-01 15:26:45 --> Call to undefined function link_tag()
in APPPATH\Views\templates\header.php on line 6.
 1 SYSTEMPATH\View\View.php(213): include()
 2 SYSTEMPATH\View\View.php(216): CodeIgniter\View\View->CodeIgniter\View\{closure}()
 3 SYSTEMPATH\Common.php(1177): CodeIgniter\View\View->render('templates/header', [], true)
 4 APPPATH\Controllers\Pages.php(20): view('templates/header', [...])
 5 SYSTEMPATH\CodeIgniter.php(934): App\Controllers\Pages->view('home')
 6 SYSTEMPATH\CodeIgniter.php(499): CodeIgniter\CodeIgniter->runController(Object(App\Controllers\Pages))
 7 SYSTEMPATH\CodeIgniter.php(368): CodeIgniter\CodeIgniter->handleRequest(null, Object(Config\Cache), false)
 8 FCPATH\index.php(67): CodeIgniter\CodeIgniter->run()
CRITICAL - 2023-03-01 15:26:47 --> Call to undefined function link_tag()
in APPPATH\Views\templates\header.php on line 6.
 1 SYSTEMPATH\View\View.php(213): include()
 2 SYSTEMPATH\View\View.php(216): CodeIgniter\View\View->CodeIgniter\View\{closure}()
 3 SYSTEMPATH\Common.php(1177): CodeIgniter\View\View->render('templates/header', [], true)
 4 APPPATH\Controllers\Pages.php(20): view('templates/header', [...])
 5 SYSTEMPATH\CodeIgniter.php(934): App\Controllers\Pages->view('home')
 6 SYSTEMPATH\CodeIgniter.php(499): CodeIgniter\CodeIgniter->runController(Object(App\Controllers\Pages))
 7 SYSTEMPATH\CodeIgniter.php(368): CodeIgniter\CodeIgniter->handleRequest(null, Object(Config\Cache), false)
 8 FCPATH\index.php(67): CodeIgniter\CodeIgniter->run()
CRITICAL - 2023-03-01 15:26:54 --> Call to undefined function link_tag()
in APPPATH\Views\templates\header.php on line 6.
 1 SYSTEMPATH\View\View.php(213): include()
 2 SYSTEMPATH\View\View.php(216): CodeIgniter\View\View->CodeIgniter\View\{closure}()
 3 SYSTEMPATH\Common.php(1177): CodeIgniter\View\View->render('templates/header', [], true)
 4 APPPATH\Controllers\Pages.php(20): view('templates/header', [...])
 5 SYSTEMPATH\CodeIgniter.php(934): App\Controllers\Pages->view('home')
 6 SYSTEMPATH\CodeIgniter.php(499): CodeIgniter\CodeIgniter->runController(Object(App\Controllers\Pages))
 7 SYSTEMPATH\CodeIgniter.php(368): CodeIgniter\CodeIgniter->handleRequest(null, Object(Config\Cache), false)
 8 FCPATH\index.php(67): CodeIgniter\CodeIgniter->run()
CRITICAL - 2023-03-01 15:27:16 --> Call to undefined function link_tag()
in APPPATH\Views\templates\header.php on line 6.
 1 SYSTEMPATH\View\View.php(213): include()
 2 SYSTEMPATH\View\View.php(216): CodeIgniter\View\View->CodeIgniter\View\{closure}()
 3 SYSTEMPATH\Common.php(1177): CodeIgniter\View\View->render('templates/header', [], true)
 4 APPPATH\Controllers\Pages.php(20): view('templates/header', [...])
 5 SYSTEMPATH\CodeIgniter.php(934): App\Controllers\Pages->view('home')
 6 SYSTEMPATH\CodeIgniter.php(499): CodeIgniter\CodeIgniter->runController(Object(App\Controllers\Pages))
 7 SYSTEMPATH\CodeIgniter.php(368): CodeIgniter\CodeIgniter->handleRequest(null, Object(Config\Cache), false)
 8 FCPATH\index.php(67): CodeIgniter\CodeIgniter->run()
CRITICAL - 2023-03-01 15:27:17 --> Call to undefined function link_tag()
in APPPATH\Views\templates\header.php on line 6.
 1 SYSTEMPATH\View\View.php(213): include()
 2 SYSTEMPATH\View\View.php(216): CodeIgniter\View\View->CodeIgniter\View\{closure}()
 3 SYSTEMPATH\Common.php(1177): CodeIgniter\View\View->render('templates/header', [], true)
 4 APPPATH\Controllers\Pages.php(20): view('templates/header', [...])
 5 SYSTEMPATH\CodeIgniter.php(934): App\Controllers\Pages->view('home')
 6 SYSTEMPATH\CodeIgniter.php(499): CodeIgniter\CodeIgniter->runController(Object(App\Controllers\Pages))
 7 SYSTEMPATH\CodeIgniter.php(368): CodeIgniter\CodeIgniter->handleRequest(null, Object(Config\Cache), false)
 8 FCPATH\index.php(67): CodeIgniter\CodeIgniter->run()
CRITICAL - 2023-03-01 15:27:17 --> Call to undefined function link_tag()
in APPPATH\Views\templates\header.php on line 6.
 1 SYSTEMPATH\View\View.php(213): include()
 2 SYSTEMPATH\View\View.php(216): CodeIgniter\View\View->CodeIgniter\View\{closure}()
 3 SYSTEMPATH\Common.php(1177): CodeIgniter\View\View->render('templates/header', [], true)
 4 APPPATH\Controllers\Pages.php(20): view('templates/header', [...])
 5 SYSTEMPATH\CodeIgniter.php(934): App\Controllers\Pages->view('home')
 6 SYSTEMPATH\CodeIgniter.php(499): CodeIgniter\CodeIgniter->runController(Object(App\Controllers\Pages))
 7 SYSTEMPATH\CodeIgniter.php(368): CodeIgniter\CodeIgniter->handleRequest(null, Object(Config\Cache), false)
 8 FCPATH\index.php(67): CodeIgniter\CodeIgniter->run()
CRITICAL - 2023-03-01 15:29:13 --> Call to undefined function link_tag()
in APPPATH\Views\templates\header.php on line 5.
 1 SYSTEMPATH\View\View.php(213): include()
 2 SYSTEMPATH\View\View.php(216): CodeIgniter\View\View->CodeIgniter\View\{closure}()
 3 SYSTEMPATH\Common.php(1177): CodeIgniter\View\View->render('templates/header', [], true)
 4 APPPATH\Controllers\Pages.php(20): view('templates/header', [...])
 5 SYSTEMPATH\CodeIgniter.php(934): App\Controllers\Pages->view('home')
 6 SYSTEMPATH\CodeIgniter.php(499): CodeIgniter\CodeIgniter->runController(Object(App\Controllers\Pages))
 7 SYSTEMPATH\CodeIgniter.php(368): CodeIgniter\CodeIgniter->handleRequest(null, Object(Config\Cache), false)
 8 FCPATH\index.php(67): CodeIgniter\CodeIgniter->run()
CRITICAL - 2023-03-01 15:29:14 --> Call to undefined function link_tag()
in APPPATH\Views\templates\header.php on line 5.
 1 SYSTEMPATH\View\View.php(213): include()
 2 SYSTEMPATH\View\View.php(216): CodeIgniter\View\View->CodeIgniter\View\{closure}()
 3 SYSTEMPATH\Common.php(1177): CodeIgniter\View\View->render('templates/header', [], true)
 4 APPPATH\Controllers\Pages.php(20): view('templates/header', [...])
 5 SYSTEMPATH\CodeIgniter.php(934): App\Controllers\Pages->view('home')
 6 SYSTEMPATH\CodeIgniter.php(499): CodeIgniter\CodeIgniter->runController(Object(App\Controllers\Pages))
 7 SYSTEMPATH\CodeIgniter.php(368): CodeIgniter\CodeIgniter->handleRequest(null, Object(Config\Cache), false)
 8 FCPATH\index.php(67): CodeIgniter\CodeIgniter->run()
